<?xml version="1.0" encoding="UTF-8"?>
<robot generator="Robot 4.0.3 (Python 3.9.6 on win32)" generated="20210709 01:12:42.758" rpa="false" schemaversion="2">
<suite id="s1" name="Simple" source="C:\Users\Moolya\RobotFramework\UIdemo\simple.robot">
<test id="s1-t1" name="Explore">
<kw name="Open Browser" library="SeleniumLibrary">
<arg>https://www.tutorialspoint.com</arg>
<arg>edge</arg>
<doc>Opens a new browser instance to the optional ``url``.</doc>
<msg timestamp="20210709 01:12:43.360" level="INFO">Opening browser 'edge' to base url 'https://www.tutorialspoint.com'.</msg>
<status status="PASS" starttime="20210709 01:12:43.360" endtime="20210709 01:12:48.948"/>
</kw>
<kw name="Maximize Browser Window" library="SeleniumLibrary">
<doc>Maximizes current browser window.</doc>
<status status="PASS" starttime="20210709 01:12:48.950" endtime="20210709 01:12:49.110"/>
</kw>
<kw name="Log" library="BuiltIn">
<arg>"Successful: Now Browser will close"</arg>
<doc>Logs the given message with the given level.</doc>
<msg timestamp="20210709 01:12:49.111" level="INFO">"Successful: Now Browser will close"</msg>
<status status="PASS" starttime="20210709 01:12:49.110" endtime="20210709 01:12:49.111"/>
</kw>
<kw name="Close Browser" library="SeleniumLibrary">
<doc>Closes the current browser.</doc>
<status status="PASS" starttime="20210709 01:12:49.112" endtime="20210709 01:12:51.385"/>
</kw>
<status status="PASS" starttime="20210709 01:12:43.359" endtime="20210709 01:12:51.387"/>
</test>
<status status="PASS" starttime="20210709 01:12:42.766" endtime="20210709 01:12:51.391"/>
</suite>
<statistics>
<total>
<stat pass="1" fail="0" skip="0">All Tests</stat>
</total>
<tag>
</tag>
<suite>
<stat pass="1" fail="0" skip="0" id="s1" name="Simple">Simple</stat>
</suite>
</statistics>
<errors>
</errors>
</robot>
